<?xml version="1.0" encoding="UTF-8"?>
<coverage generated="1580103079675" clover="3.2.0">
  <project timestamp="1580103079675" name="All files">
    <metrics statements="37" coveredstatements="31" conditionals="4" coveredconditionals="2" methods="17" coveredmethods="15" elements="58" coveredelements="48" complexity="0" loc="37" ncloc="37" packages="7" files="9" classes="9"/>
    <package name="src">
      <metrics statements="22" coveredstatements="16" conditionals="2" coveredconditionals="0" methods="8" coveredmethods="6"/>
      <file name="App.js" path="C:\Users\moham\Desktop\Projects\wiki\wiki-frontend\src\App.js">
        <metrics statements="20" coveredstatements="14" conditionals="2" coveredconditionals="0" methods="8" coveredmethods="6"/>
        <line num="15" count="4" type="stmt"/>
        <line num="17" count="4" type="stmt"/>
        <line num="22" count="4" type="stmt"/>
        <line num="23" count="4" type="stmt"/>
        <line num="25" count="4" type="stmt"/>
        <line num="26" count="0" type="stmt"/>
        <line num="28" count="0" type="stmt"/>
        <line num="32" count="4" type="stmt"/>
        <line num="33" count="1" type="stmt"/>
        <line num="36" count="4" type="stmt"/>
        <line num="37" count="1" type="stmt"/>
        <line num="38" count="1" type="stmt"/>
        <line num="40" count="1" type="stmt"/>
        <line num="41" count="0" type="stmt"/>
        <line num="43" count="0" type="stmt"/>
        <line num="48" count="5" type="stmt"/>
        <line num="49" count="5" type="stmt"/>
        <line num="57" count="1" type="stmt"/>
        <line num="68" count="0" type="cond" truecount="0" falsecount="2"/>
        <line num="84" count="0" type="stmt"/>
      </file>
      <file name="enzyme.js" path="C:\Users\moham\Desktop\Projects\wiki\wiki-frontend\src\enzyme.js">
        <metrics statements="1" coveredstatements="1" conditionals="0" coveredconditionals="0" methods="0" coveredmethods="0"/>
        <line num="4" count="3" type="stmt"/>
      </file>
      <file name="server.js" path="C:\Users\moham\Desktop\Projects\wiki\wiki-frontend\src\server.js">
        <metrics statements="1" coveredstatements="1" conditionals="0" coveredconditionals="0" methods="0" coveredmethods="0"/>
        <line num="1" count="1" type="stmt"/>
      </file>
    </package>
    <package name="src.components.edit-wiki">
      <metrics statements="5" coveredstatements="5" conditionals="2" coveredconditionals="2" methods="3" coveredmethods="3"/>
      <file name="editwiki.component.jsx" path="C:\Users\moham\Desktop\Projects\wiki\wiki-frontend\src\components\edit-wiki\editwiki.component.jsx">
        <metrics statements="5" coveredstatements="5" conditionals="2" coveredconditionals="2" methods="3" coveredmethods="3"/>
        <line num="5" count="2" type="stmt"/>
        <line num="12" count="2" type="stmt"/>
        <line num="22" count="1" type="stmt"/>
        <line num="32" count="1" type="stmt"/>
        <line num="33" count="1" type="stmt"/>
      </file>
    </package>
    <package name="src.components.navbar">
      <metrics statements="1" coveredstatements="1" conditionals="0" coveredconditionals="0" methods="1" coveredmethods="1"/>
      <file name="navbar.component.jsx" path="C:\Users\moham\Desktop\Projects\wiki\wiki-frontend\src\components\navbar\navbar.component.jsx">
        <metrics statements="1" coveredstatements="1" conditionals="0" coveredconditionals="0" methods="1" coveredmethods="1"/>
        <line num="5" count="1" type="stmt"/>
      </file>
    </package>
    <package name="src.components.wiki">
      <metrics statements="2" coveredstatements="2" conditionals="0" coveredconditionals="0" methods="1" coveredmethods="1"/>
      <file name="wiki.component.jsx" path="C:\Users\moham\Desktop\Projects\wiki\wiki-frontend\src\components\wiki\wiki.component.jsx">
        <metrics statements="2" coveredstatements="2" conditionals="0" coveredconditionals="0" methods="1" coveredmethods="1"/>
        <line num="5" count="2" type="stmt"/>
        <line num="6" count="1" type="stmt"/>
      </file>
    </package>
    <package name="src.components.wiki-not-found">
      <metrics statements="2" coveredstatements="2" conditionals="0" coveredconditionals="0" methods="1" coveredmethods="1"/>
      <file name="wikinotfound.component.jsx" path="C:\Users\moham\Desktop\Projects\wiki\wiki-frontend\src\components\wiki-not-found\wikinotfound.component.jsx">
        <metrics statements="2" coveredstatements="2" conditionals="0" coveredconditionals="0" methods="1" coveredmethods="1"/>
        <line num="5" count="2" type="stmt"/>
        <line num="6" count="1" type="stmt"/>
      </file>
    </package>
    <package name="src.pages.error">
      <metrics statements="1" coveredstatements="1" conditionals="0" coveredconditionals="0" methods="1" coveredmethods="1"/>
      <file name="errorpage.component.jsx" path="C:\Users\moham\Desktop\Projects\wiki\wiki-frontend\src\pages\error\errorpage.component.jsx">
        <metrics statements="1" coveredstatements="1" conditionals="0" coveredconditionals="0" methods="1" coveredmethods="1"/>
        <line num="7" count="1" type="stmt"/>
      </file>
    </package>
    <package name="src.pages.wikis">
      <metrics statements="4" coveredstatements="4" conditionals="0" coveredconditionals="0" methods="2" coveredmethods="2"/>
      <file name="wikis.component.jsx" path="C:\Users\moham\Desktop\Projects\wiki\wiki-frontend\src\pages\wikis\wikis.component.jsx">
        <metrics statements="4" coveredstatements="4" conditionals="0" coveredconditionals="0" methods="2" coveredmethods="2"/>
        <line num="8" count="2" type="stmt"/>
        <line num="9" count="2" type="stmt"/>
        <line num="10" count="2" type="stmt"/>
        <line num="14" count="1" type="stmt"/>
      </file>
    </package>
  </project>
</coverage>
