{"C:\\Users\\moham\\Desktop\\Projects\\wiki\\wiki-frontend\\src\\App.js": {"path":"C:\\Users\\moham\\Desktop\\Projects\\wiki\\wiki-frontend\\src\\App.js","statementMap":{"0":{"start":{"line":15,"column":4},"end":{"line":15,"column":17}},"1":{"start":{"line":17,"column":4},"end":{"line":17,"column":31}},"2":{"start":{"line":22,"column":29},"end":{"line":22,"column":57}},"3":{"start":{"line":23,"column":4},"end":{"line":29,"column":5}},"4":{"start":{"line":25,"column":18},"end":{"line":25,"column":51}},"5":{"start":{"line":26,"column":6},"end":{"line":26,"column":41}},"6":{"start":{"line":28,"column":6},"end":{"line":28,"column":18}},"7":{"start":{"line":32,"column":32},"end":{"line":34,"column":3}},"8":{"start":{"line":33,"column":4},"end":{"line":33,"column":75}},"9":{"start":{"line":36,"column":17},"end":{"line":45,"column":3}},"10":{"start":{"line":37,"column":29},"end":{"line":37,"column":64}},"11":{"start":{"line":38,"column":4},"end":{"line":44,"column":5}},"12":{"start":{"line":40,"column":6},"end":{"line":40,"column":53}},"13":{"start":{"line":41,"column":6},"end":{"line":41,"column":77}},"14":{"start":{"line":43,"column":6},"end":{"line":43,"column":18}},"15":{"start":{"line":48,"column":22},"end":{"line":48,"column":32}},"16":{"start":{"line":49,"column":4},"end":{"line":98,"column":6}},"17":{"start":{"line":57,"column":31},"end":{"line":57,"column":65}},"18":{"start":{"line":68,"column":16},"end":{"line":72,"column":17}},"19":{"start":{"line":84,"column":16},"end":{"line":90,"column":18}}},"fnMap":{"0":{"name":"(anonymous_0)","decl":{"start":{"line":14,"column":2},"end":{"line":14,"column":3}},"loc":{"start":{"line":14,"column":21},"end":{"line":18,"column":3}},"line":14},"1":{"name":"(anonymous_1)","decl":{"start":{"line":20,"column":2},"end":{"line":20,"column":3}},"loc":{"start":{"line":20,"column":28},"end":{"line":30,"column":3}},"line":20},"2":{"name":"(anonymous_2)","decl":{"start":{"line":32,"column":32},"end":{"line":32,"column":33}},"loc":{"start":{"line":32,"column":55},"end":{"line":34,"column":3}},"line":32},"3":{"name":"(anonymous_3)","decl":{"start":{"line":36,"column":17},"end":{"line":36,"column":18}},"loc":{"start":{"line":36,"column":46},"end":{"line":45,"column":3}},"line":36},"4":{"name":"(anonymous_4)","decl":{"start":{"line":47,"column":2},"end":{"line":47,"column":3}},"loc":{"start":{"line":47,"column":11},"end":{"line":99,"column":3}},"line":47},"5":{"name":"(anonymous_5)","decl":{"start":{"line":57,"column":22},"end":{"line":57,"column":23}},"loc":{"start":{"line":57,"column":31},"end":{"line":57,"column":65}},"line":57},"6":{"name":"(anonymous_6)","decl":{"start":{"line":62,"column":22},"end":{"line":62,"column":23}},"loc":{"start":{"line":68,"column":16},"end":{"line":72,"column":17}},"line":68},"7":{"name":"(anonymous_7)","decl":{"start":{"line":78,"column":22},"end":{"line":78,"column":23}},"loc":{"start":{"line":84,"column":16},"end":{"line":90,"column":18}},"line":84}},"branchMap":{"0":{"loc":{"start":{"line":68,"column":16},"end":{"line":72,"column":17}},"type":"cond-expr","locations":[{"start":{"line":69,"column":18},"end":{"line":69,"column":80}},{"start":{"line":71,"column":18},"end":{"line":71,"column":62}}],"line":68}},"s":{"0":4,"1":4,"2":4,"3":4,"4":4,"5":0,"6":0,"7":4,"8":1,"9":4,"10":1,"11":1,"12":1,"13":0,"14":0,"15":5,"16":5,"17":1,"18":0,"19":0},"f":{"0":4,"1":4,"2":1,"3":1,"4":5,"5":1,"6":0,"7":0},"b":{"0":[0,0]},"_coverageSchema":"43e27e138ebf9cfc5966b082cf9a028302ed4184","hash":"425a79eeddd9b8398d1fe6b8baa89e984bd71060"}
,"C:\\Users\\moham\\Desktop\\Projects\\wiki\\wiki-frontend\\src\\enzyme.js": {"path":"C:\\Users\\moham\\Desktop\\Projects\\wiki\\wiki-frontend\\src\\enzyme.js","statementMap":{"0":{"start":{"line":4,"column":0},"end":{"line":4,"column":38}}},"fnMap":{},"branchMap":{},"s":{"0":3},"f":{},"b":{},"_coverageSchema":"43e27e138ebf9cfc5966b082cf9a028302ed4184","hash":"23c4fa0afab1696bc232ed558fa16793b2a5626e"}
,"C:\\Users\\moham\\Desktop\\Projects\\wiki\\wiki-frontend\\src\\server.js": {"path":"C:\\Users\\moham\\Desktop\\Projects\\wiki\\wiki-frontend\\src\\server.js","statementMap":{"0":{"start":{"line":1,"column":15},"end":{"line":3,"column":1}}},"fnMap":{},"branchMap":{},"s":{"0":1},"f":{},"b":{},"_coverageSchema":"43e27e138ebf9cfc5966b082cf9a028302ed4184","hash":"178e39cb4f79361ddefb4e68055ff85bc41b281d"}
,"C:\\Users\\moham\\Desktop\\Projects\\wiki\\wiki-frontend\\src\\components\\edit-wiki\\editwiki.component.jsx": {"path":"C:\\Users\\moham\\Desktop\\Projects\\wiki\\wiki-frontend\\src\\components\\edit-wiki\\editwiki.component.jsx","statementMap":{"0":{"start":{"line":5,"column":17},"end":{"line":43,"column":1}},"1":{"start":{"line":12,"column":2},"end":{"line":42,"column":8}},"2":{"start":{"line":22,"column":27},"end":{"line":22,"column":68}},"3":{"start":{"line":32,"column":10},"end":{"line":32,"column":38}},"4":{"start":{"line":33,"column":10},"end":{"line":33,"column":28}}},"fnMap":{"0":{"name":"(anonymous_0)","decl":{"start":{"line":5,"column":17},"end":{"line":5,"column":18}},"loc":{"start":{"line":12,"column":2},"end":{"line":42,"column":8}},"line":12},"1":{"name":"(anonymous_1)","decl":{"start":{"line":22,"column":22},"end":{"line":22,"column":23}},"loc":{"start":{"line":22,"column":27},"end":{"line":22,"column":68}},"line":22},"2":{"name":"(anonymous_2)","decl":{"start":{"line":31,"column":17},"end":{"line":31,"column":18}},"loc":{"start":{"line":31,"column":23},"end":{"line":34,"column":9}},"line":31}},"branchMap":{"0":{"loc":{"start":{"line":23,"column":19},"end":{"line":23,"column":36}},"type":"binary-expr","locations":[{"start":{"line":23,"column":19},"end":{"line":23,"column":30}},{"start":{"line":23,"column":34},"end":{"line":23,"column":36}}],"line":23}},"s":{"0":2,"1":2,"2":1,"3":1,"4":1},"f":{"0":2,"1":1,"2":1},"b":{"0":[2,2]},"_coverageSchema":"43e27e138ebf9cfc5966b082cf9a028302ed4184","hash":"aee09253b2bddadd43783fa6a7cba0b054aed807"}
,"C:\\Users\\moham\\Desktop\\Projects\\wiki\\wiki-frontend\\src\\components\\navbar\\navbar.component.jsx": {"path":"C:\\Users\\moham\\Desktop\\Projects\\wiki\\wiki-frontend\\src\\components\\navbar\\navbar.component.jsx","statementMap":{"0":{"start":{"line":5,"column":2},"end":{"line":13,"column":4}}},"fnMap":{"0":{"name":"NavBar","decl":{"start":{"line":4,"column":9},"end":{"line":4,"column":15}},"loc":{"start":{"line":4,"column":18},"end":{"line":14,"column":1}},"line":4}},"branchMap":{},"s":{"0":1},"f":{"0":1},"b":{},"_coverageSchema":"43e27e138ebf9cfc5966b082cf9a028302ed4184","hash":"55080573c33321e758a115fe25e51f1f6d325e3e"}
,"C:\\Users\\moham\\Desktop\\Projects\\wiki\\wiki-frontend\\src\\components\\wiki\\wiki.component.jsx": {"path":"C:\\Users\\moham\\Desktop\\Projects\\wiki\\wiki-frontend\\src\\components\\wiki\\wiki.component.jsx","statementMap":{"0":{"start":{"line":5,"column":13},"end":{"line":13,"column":1}},"1":{"start":{"line":6,"column":2},"end":{"line":12,"column":8}}},"fnMap":{"0":{"name":"(anonymous_0)","decl":{"start":{"line":5,"column":13},"end":{"line":5,"column":14}},"loc":{"start":{"line":6,"column":2},"end":{"line":12,"column":8}},"line":6}},"branchMap":{},"s":{"0":2,"1":1},"f":{"0":1},"b":{},"_coverageSchema":"43e27e138ebf9cfc5966b082cf9a028302ed4184","hash":"9b3e1015bdddd0ae541b5ff9c7aff99564b81603"}
,"C:\\Users\\moham\\Desktop\\Projects\\wiki\\wiki-frontend\\src\\components\\wiki-not-found\\wikinotfound.component.jsx": {"path":"C:\\Users\\moham\\Desktop\\Projects\\wiki\\wiki-frontend\\src\\components\\wiki-not-found\\wikinotfound.component.jsx","statementMap":{"0":{"start":{"line":5,"column":21},"end":{"line":24,"column":1}},"1":{"start":{"line":6,"column":2},"end":{"line":23,"column":8}}},"fnMap":{"0":{"name":"(anonymous_0)","decl":{"start":{"line":5,"column":21},"end":{"line":5,"column":22}},"loc":{"start":{"line":6,"column":2},"end":{"line":23,"column":8}},"line":6}},"branchMap":{},"s":{"0":2,"1":1},"f":{"0":1},"b":{},"_coverageSchema":"43e27e138ebf9cfc5966b082cf9a028302ed4184","hash":"70370f64b6bc73f6fc43ed0f32bc4895fdd82d6b"}
,"C:\\Users\\moham\\Desktop\\Projects\\wiki\\wiki-frontend\\src\\pages\\error\\errorpage.component.jsx": {"path":"C:\\Users\\moham\\Desktop\\Projects\\wiki\\wiki-frontend\\src\\pages\\error\\errorpage.component.jsx","statementMap":{"0":{"start":{"line":7,"column":4},"end":{"line":20,"column":6}}},"fnMap":{"0":{"name":"(anonymous_0)","decl":{"start":{"line":6,"column":2},"end":{"line":6,"column":3}},"loc":{"start":{"line":6,"column":11},"end":{"line":21,"column":3}},"line":6}},"branchMap":{},"s":{"0":1},"f":{"0":1},"b":{},"_coverageSchema":"43e27e138ebf9cfc5966b082cf9a028302ed4184","hash":"a6f7ef8e877b6eb487e143b831dccb79822c82df"}
,"C:\\Users\\moham\\Desktop\\Projects\\wiki\\wiki-frontend\\src\\pages\\wikis\\wikis.component.jsx": {"path":"C:\\Users\\moham\\Desktop\\Projects\\wiki\\wiki-frontend\\src\\pages\\wikis\\wikis.component.jsx","statementMap":{"0":{"start":{"line":8,"column":22},"end":{"line":8,"column":32}},"1":{"start":{"line":9,"column":22},"end":{"line":9,"column":40}},"2":{"start":{"line":10,"column":4},"end":{"line":17,"column":6}},"3":{"start":{"line":14,"column":10},"end":{"line":14,"column":67}}},"fnMap":{"0":{"name":"(anonymous_0)","decl":{"start":{"line":7,"column":2},"end":{"line":7,"column":3}},"loc":{"start":{"line":7,"column":11},"end":{"line":18,"column":3}},"line":7},"1":{"name":"(anonymous_1)","decl":{"start":{"line":13,"column":23},"end":{"line":13,"column":24}},"loc":{"start":{"line":14,"column":10},"end":{"line":14,"column":67}},"line":14}},"branchMap":{},"s":{"0":2,"1":2,"2":2,"3":1},"f":{"0":2,"1":1},"b":{},"_coverageSchema":"43e27e138ebf9cfc5966b082cf9a028302ed4184","hash":"a6d12dfeaec76607c3436a77af3a870a792aaf75"}
}
