TN:
SF:C:\Users\moham\Desktop\Projects\wiki\wiki-frontend\src\App.js
FN:14,(anonymous_0)
FN:20,(anonymous_1)
FN:32,(anonymous_2)
FN:36,(anonymous_3)
FN:47,(anonymous_4)
FN:57,(anonymous_5)
FN:62,(anonymous_6)
FN:78,(anonymous_7)
FNF:8
FNH:6
FNDA:4,(anonymous_0)
FNDA:4,(anonymous_1)
FNDA:1,(anonymous_2)
FNDA:1,(anonymous_3)
FNDA:5,(anonymous_4)
FNDA:1,(anonymous_5)
FNDA:0,(anonymous_6)
FNDA:0,(anonymous_7)
DA:15,4
DA:17,4
DA:22,4
DA:23,4
DA:25,4
DA:26,0
DA:28,0
DA:32,4
DA:33,1
DA:36,4
DA:37,1
DA:38,1
DA:40,1
DA:41,0
DA:43,0
DA:48,5
DA:49,5
DA:57,1
DA:68,0
DA:84,0
LF:20
LH:14
BRDA:68,0,0,0
BRDA:68,0,1,0
BRF:2
BRH:0
end_of_record
TN:
SF:C:\Users\moham\Desktop\Projects\wiki\wiki-frontend\src\enzyme.js
FNF:0
FNH:0
DA:4,3
LF:1
LH:1
BRF:0
BRH:0
end_of_record
TN:
SF:C:\Users\moham\Desktop\Projects\wiki\wiki-frontend\src\server.js
FNF:0
FNH:0
DA:1,1
LF:1
LH:1
BRF:0
BRH:0
end_of_record
TN:
SF:C:\Users\moham\Desktop\Projects\wiki\wiki-frontend\src\components\edit-wiki\editwiki.component.jsx
FN:5,(anonymous_0)
FN:22,(anonymous_1)
FN:31,(anonymous_2)
FNF:3
FNH:3
FNDA:2,(anonymous_0)
FNDA:1,(anonymous_1)
FNDA:1,(anonymous_2)
DA:5,2
DA:12,2
DA:22,1
DA:32,1
DA:33,1
LF:5
LH:5
BRDA:23,0,0,2
BRDA:23,0,1,2
BRF:2
BRH:2
end_of_record
TN:
SF:C:\Users\moham\Desktop\Projects\wiki\wiki-frontend\src\components\navbar\navbar.component.jsx
FN:4,NavBar
FNF:1
FNH:1
FNDA:1,NavBar
DA:5,1
LF:1
LH:1
BRF:0
BRH:0
end_of_record
TN:
SF:C:\Users\moham\Desktop\Projects\wiki\wiki-frontend\src\components\wiki\wiki.component.jsx
FN:5,(anonymous_0)
FNF:1
FNH:1
FNDA:1,(anonymous_0)
DA:5,2
DA:6,1
LF:2
LH:2
BRF:0
BRH:0
end_of_record
TN:
SF:C:\Users\moham\Desktop\Projects\wiki\wiki-frontend\src\components\wiki-not-found\wikinotfound.component.jsx
FN:5,(anonymous_0)
FNF:1
FNH:1
FNDA:1,(anonymous_0)
DA:5,2
DA:6,1
LF:2
LH:2
BRF:0
BRH:0
end_of_record
TN:
SF:C:\Users\moham\Desktop\Projects\wiki\wiki-frontend\src\pages\error\errorpage.component.jsx
FN:6,(anonymous_0)
FNF:1
FNH:1
FNDA:1,(anonymous_0)
DA:7,1
LF:1
LH:1
BRF:0
BRH:0
end_of_record
TN:
SF:C:\Users\moham\Desktop\Projects\wiki\wiki-frontend\src\pages\wikis\wikis.component.jsx
FN:7,(anonymous_0)
FN:13,(anonymous_1)
FNF:2
FNH:2
FNDA:2,(anonymous_0)
FNDA:1,(anonymous_1)
DA:8,2
DA:9,2
DA:10,2
DA:14,1
LF:4
LH:4
BRF:0
BRH:0
end_of_record
